{"total": {"lines":{"total":1259,"covered":1034,"skipped":0,"pct":82.12},"statements":{"total":1259,"covered":1034,"skipped":0,"pct":82.12},"functions":{"total":71,"covered":58,"skipped":0,"pct":81.69},"branches":{"total":213,"covered":169,"skipped":0,"pct":79.34},"branchesTrue":{"total":0,"covered":0,"skipped":0,"pct":"Unknown"}}
,"/Users/mac/support-smiles-app/src/services/auth.service.ts": {"lines":{"total":44,"covered":42,"skipped":0,"pct":95.45},"functions":{"total":4,"covered":4,"skipped":0,"pct":100},"statements":{"total":44,"covered":42,"skipped":0,"pct":95.45},"branches":{"total":12,"covered":11,"skipped":0,"pct":91.66}}
,"/Users/mac/support-smiles-app/src/services/mockDb.ts": {"lines":{"total":638,"covered":611,"skipped":0,"pct":95.76},"functions":{"total":37,"covered":31,"skipped":0,"pct":83.78},"statements":{"total":638,"covered":611,"skipped":0,"pct":95.76},"branches":{"total":69,"covered":64,"skipped":0,"pct":92.75}}
,"/Users/mac/support-smiles-app/src/services/notifications.service.ts": {"lines":{"total":47,"covered":39,"skipped":0,"pct":82.97},"functions":{"total":4,"covered":4,"skipped":0,"pct":100},"statements":{"total":47,"covered":39,"skipped":0,"pct":82.97},"branches":{"total":17,"covered":13,"skipped":0,"pct":76.47}}
,"/Users/mac/support-smiles-app/src/services/reasons.service.ts": {"lines":{"total":25,"covered":0,"skipped":0,"pct":0},"functions":{"total":1,"covered":0,"skipped":0,"pct":0},"statements":{"total":25,"covered":0,"skipped":0,"pct":0},"branches":{"total":1,"covered":0,"skipped":0,"pct":0}}
,"/Users/mac/support-smiles-app/src/services/storage.ts": {"lines":{"total":23,"covered":0,"skipped":0,"pct":0},"functions":{"total":1,"covered":0,"skipped":0,"pct":0},"statements":{"total":23,"covered":0,"skipped":0,"pct":0},"branches":{"total":1,"covered":0,"skipped":0,"pct":0}}
,"/Users/mac/support-smiles-app/src/services/tickets.service.ts": {"lines":{"total":406,"covered":300,"skipped":0,"pct":73.89},"functions":{"total":18,"covered":16,"skipped":0,"pct":88.88},"statements":{"total":406,"covered":300,"skipped":0,"pct":73.89},"branches":{"total":97,"covered":68,"skipped":0,"pct":70.1}}
,"/Users/mac/support-smiles-app/src/services/users.service.ts": {"lines":{"total":76,"covered":42,"skipped":0,"pct":55.26},"functions":{"total":6,"covered":3,"skipped":0,"pct":50},"statements":{"total":76,"covered":42,"skipped":0,"pct":55.26},"branches":{"total":16,"covered":13,"skipped":0,"pct":81.25}}
}
