{"total": {"lines":{"total":1234,"covered":903,"skipped":0,"pct":73.17},"statements":{"total":1234,"covered":903,"skipped":0,"pct":73.17},"functions":{"total":84,"covered":51,"skipped":0,"pct":60.71},"branches":{"total":140,"covered":105,"skipped":0,"pct":75},"branchesTrue":{"total":0,"covered":0,"skipped":0,"pct":"Unknown"}}
,"/Users/mac/support-smiles-app/src/services/accounting.ts": {"lines":{"total":28,"covered":0,"skipped":0,"pct":0},"functions":{"total":1,"covered":0,"skipped":0,"pct":0},"statements":{"total":28,"covered":0,"skipped":0,"pct":0},"branches":{"total":1,"covered":0,"skipped":0,"pct":0}}
,"/Users/mac/support-smiles-app/src/services/admin.ts": {"lines":{"total":6,"covered":0,"skipped":0,"pct":0},"functions":{"total":1,"covered":0,"skipped":0,"pct":0},"statements":{"total":6,"covered":0,"skipped":0,"pct":0},"branches":{"total":1,"covered":0,"skipped":0,"pct":0}}
,"/Users/mac/support-smiles-app/src/services/auth.service.ts": {"lines":{"total":86,"covered":52,"skipped":0,"pct":60.46},"functions":{"total":5,"covered":4,"skipped":0,"pct":80},"statements":{"total":86,"covered":52,"skipped":0,"pct":60.46},"branches":{"total":13,"covered":9,"skipped":0,"pct":69.23}}
,"/Users/mac/support-smiles-app/src/services/crm.ts": {"lines":{"total":0,"covered":0,"skipped":0,"pct":0},"functions":{"total":1,"covered":1,"skipped":0,"pct":0},"statements":{"total":0,"covered":0,"skipped":0,"pct":0},"branches":{"total":1,"covered":1,"skipped":0,"pct":0}}
,"/Users/mac/support-smiles-app/src/services/dashboard.ts": {"lines":{"total":6,"covered":0,"skipped":0,"pct":0},"functions":{"total":1,"covered":0,"skipped":0,"pct":0},"statements":{"total":6,"covered":0,"skipped":0,"pct":0},"branches":{"total":1,"covered":0,"skipped":0,"pct":0}}
,"/Users/mac/support-smiles-app/src/services/gamification.service.ts": {"lines":{"total":35,"covered":0,"skipped":0,"pct":0},"functions":{"total":1,"covered":0,"skipped":0,"pct":0},"statements":{"total":35,"covered":0,"skipped":0,"pct":0},"branches":{"total":1,"covered":0,"skipped":0,"pct":0}}
,"/Users/mac/support-smiles-app/src/services/hr.ts": {"lines":{"total":22,"covered":0,"skipped":0,"pct":0},"functions":{"total":1,"covered":0,"skipped":0,"pct":0},"statements":{"total":22,"covered":0,"skipped":0,"pct":0},"branches":{"total":1,"covered":0,"skipped":0,"pct":0}}
,"/Users/mac/support-smiles-app/src/services/kpi.service.ts": {"lines":{"total":25,"covered":0,"skipped":0,"pct":0},"functions":{"total":1,"covered":0,"skipped":0,"pct":0},"statements":{"total":25,"covered":0,"skipped":0,"pct":0},"branches":{"total":1,"covered":0,"skipped":0,"pct":0}}
,"/Users/mac/support-smiles-app/src/services/mockDb.ts": {"lines":{"total":728,"covered":661,"skipped":0,"pct":90.79},"functions":{"total":43,"covered":28,"skipped":0,"pct":65.11},"statements":{"total":728,"covered":661,"skipped":0,"pct":90.79},"branches":{"total":61,"covered":55,"skipped":0,"pct":90.16}}
,"/Users/mac/support-smiles-app/src/services/notifications.service.ts": {"lines":{"total":47,"covered":39,"skipped":0,"pct":82.97},"functions":{"total":4,"covered":4,"skipped":0,"pct":100},"statements":{"total":47,"covered":39,"skipped":0,"pct":82.97},"branches":{"total":17,"covered":13,"skipped":0,"pct":76.47}}
,"/Users/mac/support-smiles-app/src/services/reasons.service.ts": {"lines":{"total":25,"covered":0,"skipped":0,"pct":0},"functions":{"total":1,"covered":0,"skipped":0,"pct":0},"statements":{"total":25,"covered":0,"skipped":0,"pct":0},"branches":{"total":1,"covered":0,"skipped":0,"pct":0}}
,"/Users/mac/support-smiles-app/src/services/shipping.ts": {"lines":{"total":6,"covered":0,"skipped":0,"pct":0},"functions":{"total":1,"covered":0,"skipped":0,"pct":0},"statements":{"total":6,"covered":0,"skipped":0,"pct":0},"branches":{"total":1,"covered":0,"skipped":0,"pct":0}}
,"/Users/mac/support-smiles-app/src/services/storage.ts": {"lines":{"total":24,"covered":13,"skipped":0,"pct":54.16},"functions":{"total":3,"covered":0,"skipped":0,"pct":0},"statements":{"total":24,"covered":13,"skipped":0,"pct":54.16},"branches":{"total":0,"covered":0,"skipped":0,"pct":100}}
,"/Users/mac/support-smiles-app/src/services/tickets.service.ts": {"lines":{"total":141,"covered":108,"skipped":0,"pct":76.59},"functions":{"total":13,"covered":11,"skipped":0,"pct":84.61},"statements":{"total":141,"covered":108,"skipped":0,"pct":76.59},"branches":{"total":30,"covered":21,"skipped":0,"pct":70}}
,"/Users/mac/support-smiles-app/src/services/users.service.ts": {"lines":{"total":55,"covered":30,"skipped":0,"pct":54.54},"functions":{"total":7,"covered":3,"skipped":0,"pct":42.85},"statements":{"total":55,"covered":30,"skipped":0,"pct":54.54},"branches":{"total":10,"covered":6,"skipped":0,"pct":60}}
}
